{"name": "test_click_into_ptsd", "status": "broken", "statusDetails": {"message": "selenium.common.exceptions.TimeoutException: Message:", "trace": "@pytest.fixture(scope=\"class\")\n    def login_success():\n        global driver\n        # 前置操作\n        driver = webdriver.Chrome()\n        driver.maximize_window()\n        driver.get(CD.web_login_url)\n>       LoginPage(driver).login(LD.success_data[\"用户名\"], LD.success_data[\"密码\"])\n\nTestCases\\conftest.py:61: \n_ _ _ _ _ _ _ _ _ _ _ _ _ _ _ _ _ _ _ _ _ _ _ _ _ _ _ _ _ _ _ _ _ _ _ _ _ _ _ _\nPageObjects\\login_p.py:13: in login\n    self.wait_eleVisible(loc.name_text)\nCommon\\basepage.py:42: in wait_eleVisible\n    self.save_screenshot(doc)\nCommon\\basepage.py:33: in wait_eleVisible\n    WebDriverWait(self.driver, wait_times, poll_frequency).until(EC.visibility_of_element_located((locator[1])))\n_ _ _ _ _ _ _ _ _ _ _ _ _ _ _ _ _ _ _ _ _ _ _ _ _ _ _ _ _ _ _ _ _ _ _ _ _ _ _ _\n\nself = <selenium.webdriver.support.wait.WebDriverWait (session=\"9249ebc5c97221963cb3480e179d801f\")>\nmethod = <selenium.webdriver.support.expected_conditions.visibility_of_element_located object at 0x000001F11A756F48>\nmessage = ''\n\n    def until(self, method, message=''):\n        \"\"\"Calls the method provided with the driver as an argument until the \\\n        return value is not False.\"\"\"\n        screen = None\n        stacktrace = None\n    \n        end_time = time.time() + self._timeout\n        while True:\n            try:\n                value = method(self._driver)\n                if value:\n                    return value\n            except self._ignored_exceptions as exc:\n                screen = getattr(exc, 'screen', None)\n                stacktrace = getattr(exc, 'stacktrace', None)\n            time.sleep(self._poll)\n            if time.time() > end_time:\n                break\n>       raise TimeoutException(message, screen, stacktrace)\nE       selenium.common.exceptions.TimeoutException: Message:\n\nc:\\users\\yiii\\appdata\\local\\programs\\python\\python37\\lib\\site-packages\\selenium\\webdriver\\support\\wait.py:80: TimeoutException"}, "attachments": [{"name": "log", "source": "4134ec6b-a5c6-4272-8230-080cda392b6c-attachment.txt", "type": "text/plain"}], "start": 1587375146374, "stop": 1587375146374, "uuid": "c48e76f6-f471-47c7-817d-7253316196dc", "historyId": "efbd3557b4dbe0f597e79b731ebcd323", "testCaseId": "d28190b81d99998a5874aa28965483d3", "fullName": "TestCases.test_01_indexButton.TestIndexPage#test_click_into_ptsd", "labels": [{"name": "parentSuite", "value": "TestCases"}, {"name": "suite", "value": "test_01_indexButton"}, {"name": "subSuite", "value": "TestIndexPage"}, {"name": "host", "value": "DESKTOP-O2A05I4"}, {"name": "thread", "value": "17492-MainThread"}, {"name": "framework", "value": "pytest"}, {"name": "language", "value": "cpython3"}, {"name": "package", "value": "TestCases.test_01_indexButton"}]}